<?xml version="1.0" encoding="UTF-8"?>
<!-- Generated by org.testng.reporters.JUnitXMLReporter -->
<testsuite ignored="8" hostname="Harika" failures="1" tests="7" name="Test" time="193.815" errors="0" timestamp="2024-03-29T15:06:17 CDT">
  <testcase classname="com.opencart.Testcases.HomePageTest" name="testvalidatOrderHistory" time="15.237"/>
  <testcase classname="com.opencart.Testcases.HomePageTest" name="testSearchCamera" time="11.354"/>
  <testcase classname="com.opencart.Testcases.ProductPageTest" name="testaddToCart" time="28.344"/>
  <testcase classname="com.opencart.Testcases.LoginPageTest" name="testLogin" time="15.125"/>
  <testcase classname="com.opencart.Testcases.IndexPageTest" name="testTitle" time="0.085">
    <failure type="java.lang.AssertionError" message="expected [Your Store/] but found [Your Store]">
      <![CDATA[java.lang.AssertionError: expected [Your Store/] but found [Your Store]
at com.opencart.Testcases.IndexPageTest.testTitle(IndexPageTest.java:45)
at java.base/java.util.ArrayList.forEach(ArrayList.java:1511)
... Removed 33 stack frames]]>
    </failure>
  </testcase> <!-- testTitle -->
  <testcase classname="com.opencart.Testcases.IndexPageTest" name="testValidateLogo" time="0.592"/>
  <testcase classname="com.opencart.Testcases.CheckoutPageTest" name="testCheckout" time="33.482"/>
  <testcase classname="com.opencart.base.BaseClass" name="@AfterSuite afterSuite" time="0.0">
    <ignored/>
  </testcase> <!-- @AfterSuite afterSuite -->
  <testcase classname="com.opencart.base.BaseClass" name="@AfterSuite afterSuite" time="0.0">
    <ignored/>
  </testcase> <!-- @AfterSuite afterSuite -->
  <testcase classname="com.opencart.base.BaseClass" name="@AfterSuite afterSuite" time="0.0">
    <ignored/>
  </testcase> <!-- @AfterSuite afterSuite -->
  <testcase classname="com.opencart.base.BaseClass" name="@AfterSuite afterSuite" time="0.0">
    <ignored/>
  </testcase> <!-- @AfterSuite afterSuite -->
  <testcase classname="com.opencart.base.BaseClass" name="@BeforeSuite loadConfig" time="0.0">
    <ignored/>
  </testcase> <!-- @BeforeSuite loadConfig -->
  <testcase classname="com.opencart.base.BaseClass" name="@BeforeSuite loadConfig" time="0.0">
    <ignored/>
  </testcase> <!-- @BeforeSuite loadConfig -->
  <testcase classname="com.opencart.base.BaseClass" name="@BeforeSuite loadConfig" time="0.0">
    <ignored/>
  </testcase> <!-- @BeforeSuite loadConfig -->
  <testcase classname="com.opencart.base.BaseClass" name="@BeforeSuite loadConfig" time="0.0">
    <ignored/>
  </testcase> <!-- @BeforeSuite loadConfig -->
</testsuite> <!-- Test -->
