<?xml version="1.0" encoding="UTF-8"?>
<!-- Generated by org.testng.reporters.JUnitXMLReporter -->
<testsuite ignored="8" hostname="Harika" failures="0" tests="7" name="Test_chrome" time="37.246" errors="0" timestamp="2024-03-29T10:24:13 CDT">
  <testcase classname="com.opencart.Testcases.CheckoutPageTest" name="testCheckout" time="6.04"/>
  <testcase classname="com.opencart.Testcases.LoginPageTest" name="testLogin" time="2.361"/>
  <testcase classname="com.opencart.Testcases.IndexPageTest" name="testTitle" time="0.013"/>
  <testcase classname="com.opencart.Testcases.IndexPageTest" name="testValidateLogo" time="0.097"/>
  <testcase classname="com.opencart.Testcases.ProductPageTest" name="testaddToCart" time="6.13"/>
  <testcase classname="com.opencart.Testcases.HomePageTest" name="testvalidatOrderHistory" time="2.384"/>
  <testcase classname="com.opencart.Testcases.HomePageTest" name="testSearchCamera" time="2.286"/>
  <testcase classname="com.opencart.base.BaseClass" name="@BeforeTest loadConfig" time="0.0">
    <ignored/>
  </testcase> <!-- @BeforeTest loadConfig -->
  <testcase classname="com.opencart.base.BaseClass" name="@BeforeTest loadConfig" time="0.0">
    <ignored/>
  </testcase> <!-- @BeforeTest loadConfig -->
  <testcase classname="com.opencart.base.BaseClass" name="@BeforeTest loadConfig" time="0.0">
    <ignored/>
  </testcase> <!-- @BeforeTest loadConfig -->
  <testcase classname="com.opencart.base.BaseClass" name="@BeforeTest loadConfig" time="0.0">
    <ignored/>
  </testcase> <!-- @BeforeTest loadConfig -->
  <testcase classname="com.opencart.base.BaseClass" name="@BeforeSuite beforesuite" time="0.0">
    <ignored/>
  </testcase> <!-- @BeforeSuite beforesuite -->
  <testcase classname="com.opencart.base.BaseClass" name="@BeforeSuite beforesuite" time="0.0">
    <ignored/>
  </testcase> <!-- @BeforeSuite beforesuite -->
  <testcase classname="com.opencart.base.BaseClass" name="@BeforeSuite beforesuite" time="0.0">
    <ignored/>
  </testcase> <!-- @BeforeSuite beforesuite -->
  <testcase classname="com.opencart.base.BaseClass" name="@BeforeSuite beforesuite" time="0.0">
    <ignored/>
  </testcase> <!-- @BeforeSuite beforesuite -->
</testsuite> <!-- Test_chrome -->
